May-08 17:40:08.057 [main] DEBUG nextflow.cli.Launcher - $> nextflow run main.nf -resume
May-08 17:40:08.180 [main] DEBUG nextflow.cli.CmdRun - N E X T F L O W  ~  version 24.10.2
May-08 17:40:08.196 [main] DEBUG nextflow.plugin.PluginsFacade - Setting up plugin manager > mode=prod; embedded=false; plugins-dir=/user/gent/431/vsc43139/.nextflow/plugins; core-plugins: nf-amazon@2.9.2,nf-azure@1.10.2,nf-cloudcache@0.4.2,nf-codecommit@0.2.2,nf-console@1.1.4,nf-google@1.15.2,nf-tower@1.9.3,nf-wave@1.7.4
May-08 17:40:08.223 [main] INFO  o.pf4j.DefaultPluginStatusProvider - Enabled plugins: []
May-08 17:40:08.224 [main] INFO  o.pf4j.DefaultPluginStatusProvider - Disabled plugins: []
May-08 17:40:08.226 [main] INFO  org.pf4j.DefaultPluginManager - PF4J version 3.12.0 in 'deployment' mode
May-08 17:40:08.237 [main] INFO  org.pf4j.AbstractPluginManager - No plugins
May-08 17:40:08.254 [main] DEBUG nextflow.config.ConfigBuilder - Found config local: /kyukon/scratch/gent/vo/002/gvo00224/TOBI/Projects/AR-burden/AR-Burden/ProBio_cfRNA_NF/nextflow.config
May-08 17:40:08.256 [main] DEBUG nextflow.config.ConfigBuilder - Parsing config file: /kyukon/scratch/gent/vo/002/gvo00224/TOBI/Projects/AR-burden/AR-Burden/ProBio_cfRNA_NF/nextflow.config
May-08 17:40:08.281 [main] DEBUG n.secret.LocalSecretsProvider - Secrets store: /user/gent/431/vsc43139/.nextflow/secrets/store.json
May-08 17:40:08.284 [main] DEBUG nextflow.secret.SecretsLoader - Discovered secrets providers: [nextflow.secret.LocalSecretsProvider@5f78de22] - activable => nextflow.secret.LocalSecretsProvider@5f78de22
May-08 17:40:08.289 [main] DEBUG nextflow.config.ConfigBuilder - Applying config profile: `standard`
May-08 17:40:08.630 [main] DEBUG nextflow.cli.CmdRun - Applied DSL=2 by global default
May-08 17:40:08.643 [main] DEBUG nextflow.cli.CmdRun - Launching `main.nf` [cheeky_wing] DSL2 - revision: 7e3cdbf1f2
May-08 17:40:08.644 [main] DEBUG nextflow.plugin.PluginsFacade - Plugins default=[]
May-08 17:40:08.645 [main] DEBUG nextflow.plugin.PluginsFacade - Plugins resolved requirement=[]
May-08 17:40:08.686 [main] DEBUG nextflow.Session - Session UUID: e37ab3da-4c49-45ed-be74-46683a4a45e1
May-08 17:40:08.686 [main] DEBUG nextflow.Session - Run name: cheeky_wing
May-08 17:40:08.687 [main] DEBUG nextflow.Session - Executor pool size: 28
May-08 17:40:08.693 [main] DEBUG nextflow.file.FilePorter - File porter settings maxRetries=3; maxTransfers=50; pollTimeout=null
May-08 17:40:08.698 [main] DEBUG nextflow.util.ThreadPoolBuilder - Creating thread pool 'FileTransfer' minSize=10; maxSize=84; workQueue=LinkedBlockingQueue[10000]; allowCoreThreadTimeout=false
May-08 17:40:08.734 [main] DEBUG nextflow.cli.CmdRun - 
  Version: 24.10.2 build 5932
  Created: 27-11-2024 21:23 UTC (22:23 CEST)
  System: Linux 5.14.0-427.50.1.el9_4.x86_64
  Runtime: Groovy 4.0.23 on OpenJDK 64-Bit Server VM 21.0.5+11-LTS
  Encoding: UTF-8 (UTF-8)
  Process: 4153990@node4101.gallade.os [10.141.7.1]
  CPUs: 28 - Mem: 1006.8 GB (833.6 GB) - Swap: 20 GB (19.9 GB)
May-08 17:40:08.781 [main] DEBUG nextflow.Session - Work-dir: /kyukon/scratch/gent/vo/002/gvo00224/TOBI/Projects/AR-burden/AR-Burden/ProBio_cfRNA_NF/work [gpfs]
May-08 17:40:08.782 [main] DEBUG nextflow.Session - Script base path does not exist or is not a directory: /kyukon/scratch/gent/vo/002/gvo00224/TOBI/Projects/AR-burden/AR-Burden/ProBio_cfRNA_NF/bin
May-08 17:40:08.791 [main] DEBUG nextflow.executor.ExecutorFactory - Extension executors providers=[]
May-08 17:40:08.799 [main] DEBUG nextflow.Session - Observer factory: DefaultObserverFactory
May-08 17:40:08.819 [main] DEBUG nextflow.cache.CacheFactory - Using Nextflow cache factory: nextflow.cache.DefaultCacheFactory
May-08 17:40:08.827 [main] DEBUG nextflow.util.CustomThreadPool - Creating default thread pool > poolSize: 29; maxThreads: 1000
May-08 17:40:08.911 [main] DEBUG nextflow.Session - Session start
May-08 17:40:09.192 [main] DEBUG nextflow.script.ScriptRunner - > Launching execution
May-08 17:40:09.205 [main] INFO  nextflow.Nextflow - P R O B I O     C F R N A   N F     P I P E L I N E
====================================================
This pipeline is designed to process targeted RNA-seq data using Nextflow.

May-08 17:40:09.821 [main] DEBUG nextflow.executor.ExecutorFactory - << taskConfig executor: null
May-08 17:40:09.821 [main] DEBUG nextflow.executor.ExecutorFactory - >> processorType: 'local'
May-08 17:40:09.826 [main] DEBUG nextflow.executor.Executor - [warm up] executor > local
May-08 17:40:09.832 [main] DEBUG n.processor.LocalPollingMonitor - Creating local task monitor for executor 'local' > cpus=28; memory=1006.8 GB; capacity=28; pollInterval=100ms; dumpInterval=5m
May-08 17:40:09.834 [main] DEBUG n.processor.TaskPollingMonitor - >>> barrier register (monitor: local)
May-08 17:40:09.888 [main] DEBUG nextflow.executor.ExecutorFactory - << taskConfig executor: null
May-08 17:40:09.888 [main] DEBUG nextflow.executor.ExecutorFactory - >> processorType: 'local'
May-08 17:40:09.895 [main] DEBUG nextflow.executor.ExecutorFactory - << taskConfig executor: null
May-08 17:40:09.895 [main] DEBUG nextflow.executor.ExecutorFactory - >> processorType: 'local'
May-08 17:40:09.907 [main] DEBUG nextflow.executor.ExecutorFactory - << taskConfig executor: null
May-08 17:40:09.907 [main] DEBUG nextflow.executor.ExecutorFactory - >> processorType: 'local'
May-08 17:40:09.920 [main] DEBUG nextflow.executor.ExecutorFactory - << taskConfig executor: null
May-08 17:40:09.920 [main] DEBUG nextflow.executor.ExecutorFactory - >> processorType: 'local'
May-08 17:40:09.924 [main] DEBUG nextflow.executor.ExecutorFactory - << taskConfig executor: null
May-08 17:40:09.925 [main] DEBUG nextflow.executor.ExecutorFactory - >> processorType: 'local'
May-08 17:40:09.940 [main] DEBUG nextflow.executor.ExecutorFactory - << taskConfig executor: null
May-08 17:40:09.940 [main] DEBUG nextflow.executor.ExecutorFactory - >> processorType: 'local'
May-08 17:40:09.947 [main] DEBUG nextflow.executor.ExecutorFactory - << taskConfig executor: null
May-08 17:40:09.947 [main] DEBUG nextflow.executor.ExecutorFactory - >> processorType: 'local'
May-08 17:40:09.952 [main] DEBUG nextflow.executor.ExecutorFactory - << taskConfig executor: null
May-08 17:40:09.952 [main] DEBUG nextflow.executor.ExecutorFactory - >> processorType: 'local'
May-08 17:40:09.967 [main] DEBUG nextflow.executor.ExecutorFactory - << taskConfig executor: null
May-08 17:40:09.967 [main] DEBUG nextflow.executor.ExecutorFactory - >> processorType: 'local'
May-08 17:40:09.985 [main] DEBUG nextflow.executor.ExecutorFactory - << taskConfig executor: null
May-08 17:40:09.985 [main] DEBUG nextflow.executor.ExecutorFactory - >> processorType: 'local'
May-08 17:40:09.988 [main] DEBUG nextflow.Session - Workflow process names [dsl2]: FASTQC, MERGE_SPLICE_JUNCTIONS, BEDTOOLS_INTERSECT, TRIM_GALORE, STAR_1PASS, STAR_2PASS, STAR_2PASS_COUNTING, MULTIQC, STAR_GENOME, SAMTOOLS_INDEX, EXTRACT_UMI
May-08 17:40:09.988 [main] DEBUG nextflow.Session - Igniting dataflow network (12)
May-08 17:40:09.992 [main] DEBUG nextflow.processor.TaskProcessor - Starting process > FASTQC
May-08 17:40:09.992 [main] DEBUG nextflow.processor.TaskProcessor - Starting process > EXTRACT_UMI
May-08 17:40:09.993 [main] DEBUG nextflow.processor.TaskProcessor - Starting process > TRIM_GALORE
May-08 17:40:09.993 [main] DEBUG nextflow.processor.TaskProcessor - Starting process > STAR_1PASS
May-08 17:40:09.993 [main] DEBUG nextflow.processor.TaskProcessor - Starting process > MERGE_SPLICE_JUNCTIONS
May-08 17:40:09.993 [main] DEBUG nextflow.processor.TaskProcessor - Starting process > STAR_GENOME
May-08 17:40:09.994 [main] DEBUG nextflow.processor.TaskProcessor - Starting process > STAR_2PASS
May-08 17:40:09.994 [main] DEBUG nextflow.processor.TaskProcessor - Starting process > BEDTOOLS_INTERSECT
May-08 17:40:09.994 [main] DEBUG nextflow.processor.TaskProcessor - Starting process > SAMTOOLS_INDEX
May-08 17:40:09.995 [main] DEBUG nextflow.processor.TaskProcessor - Starting process > STAR_2PASS_COUNTING
May-08 17:40:09.996 [main] DEBUG nextflow.processor.TaskProcessor - Starting process > MULTIQC
May-08 17:40:09.996 [main] DEBUG nextflow.script.ScriptRunner - Parsed script files:
  Script_b60597e787658705: /kyukon/scratch/gent/vo/002/gvo00224/TOBI/Projects/AR-burden/AR-Burden/ProBio_cfRNA_NF/./modules/SAMtools/samtools_index.nf
  Script_e55df7148624bfbc: /kyukon/scratch/gent/vo/002/gvo00224/TOBI/Projects/AR-burden/AR-Burden/ProBio_cfRNA_NF/./modules/STAR/STAR_1pass.nf
  Script_23ab0256ba5abd67: /kyukon/scratch/gent/vo/002/gvo00224/TOBI/Projects/AR-burden/AR-Burden/ProBio_cfRNA_NF/./modules/BEDtools/bedtools_intersect.nf
  Script_4c5c0d882aac013d: /kyukon/scratch/gent/vo/002/gvo00224/TOBI/Projects/AR-burden/AR-Burden/ProBio_cfRNA_NF/./modules/merge_sjs.nf
  Script_fbe37a83c93174b5: /kyukon/scratch/gent/vo/002/gvo00224/TOBI/Projects/AR-burden/AR-Burden/ProBio_cfRNA_NF/./modules/STAR/STAR_genome.nf
  Script_e7dac322e9342a3c: /kyukon/scratch/gent/vo/002/gvo00224/TOBI/Projects/AR-burden/AR-Burden/ProBio_cfRNA_NF/./modules/fastqc.nf
  Script_85d5fb8589757dc8: /kyukon/scratch/gent/vo/002/gvo00224/TOBI/Projects/AR-burden/AR-Burden/ProBio_cfRNA_NF/./modules/STAR/STAR_2pass.nf
  Script_065e75c2b3669c76: /kyukon/scratch/gent/vo/002/gvo00224/TOBI/Projects/AR-burden/AR-Burden/ProBio_cfRNA_NF/main.nf
  Script_f38d34f26a240b90: /kyukon/scratch/gent/vo/002/gvo00224/TOBI/Projects/AR-burden/AR-Burden/ProBio_cfRNA_NF/./modules/multiqc.nf
  Script_61c68e529eaa976b: /kyukon/scratch/gent/vo/002/gvo00224/TOBI/Projects/AR-burden/AR-Burden/ProBio_cfRNA_NF/./modules/STAR/STAR_2pass_counting.nf
  Script_8b6dda5d917137c7: /kyukon/scratch/gent/vo/002/gvo00224/TOBI/Projects/AR-burden/AR-Burden/ProBio_cfRNA_NF/./modules/extract_UMI.nf
  Script_f1d71a18f8b1c526: /kyukon/scratch/gent/vo/002/gvo00224/TOBI/Projects/AR-burden/AR-Burden/ProBio_cfRNA_NF/./modules/trim_galore.nf
May-08 17:40:09.996 [main] DEBUG nextflow.script.ScriptRunner - > Awaiting termination 
May-08 17:40:09.996 [main] DEBUG nextflow.Session - Session await
May-08 17:40:10.073 [Actor Thread 21] DEBUG nextflow.container.SingularityCache - Singularity found local store for image=docker://staphb/fastqc:latest; path=/kyukon/scratch/gent/vo/002/gvo00224/TOBI/Projects/AR-burden/AR-Burden/ProBio_cfRNA_NF/singularity_cache/staphb-fastqc-latest.img
May-08 17:40:10.073 [Actor Thread 20] DEBUG nextflow.container.SingularityCache - Singularity found local store for image=https://depot.galaxyproject.org/singularity/umi_tools:1.1.5--py39hf95cd2a_0; path=/kyukon/scratch/gent/vo/002/gvo00224/TOBI/Projects/AR-burden/AR-Burden/ProBio_cfRNA_NF/singularity_cache/depot.galaxyproject.org-singularity-umi_tools-1.1.5--py39hf95cd2a_0.img
May-08 17:40:10.182 [Actor Thread 27] INFO  nextflow.processor.TaskProcessor - [09/b42649] Cached process > EXTRACT_UMI (1)
May-08 17:40:10.182 [Actor Thread 15] INFO  nextflow.processor.TaskProcessor - [ea/f9ffca] Cached process > FASTQC (1)
May-08 17:40:10.195 [Actor Thread 24] DEBUG nextflow.container.SingularityCache - Singularity found local store for image=https://depot.galaxyproject.org/singularity/trim-galore%3A0.6.10--hdfd78af_1; path=/kyukon/scratch/gent/vo/002/gvo00224/TOBI/Projects/AR-burden/AR-Burden/ProBio_cfRNA_NF/singularity_cache/depot.galaxyproject.org-singularity-trim-galore%3A0.6.10--hdfd78af_1.img
May-08 17:40:10.203 [Actor Thread 27] DEBUG nextflow.util.ThreadPoolBuilder - Creating thread pool 'PublishDir' minSize=10; maxSize=84; workQueue=LinkedBlockingQueue[10000]; allowCoreThreadTimeout=false
May-08 17:40:10.214 [Actor Thread 26] INFO  nextflow.processor.TaskProcessor - [a8/415ffa] Cached process > TRIM_GALORE (1)
May-08 17:40:10.224 [Actor Thread 26] DEBUG nextflow.container.SingularityCache - Singularity found local store for image=https://depot.galaxyproject.org/singularity/star%3A2.7.6a--0; path=/kyukon/scratch/gent/vo/002/gvo00224/TOBI/Projects/AR-burden/AR-Burden/ProBio_cfRNA_NF/singularity_cache/depot.galaxyproject.org-singularity-star%3A2.7.6a--0.img
May-08 17:40:10.236 [Actor Thread 15] INFO  nextflow.processor.TaskProcessor - [f2/39ae0c] Cached process > STAR_1PASS (1)
May-08 17:40:10.245 [Actor Thread 28] DEBUG nextflow.container.SingularityCache - Singularity found local store for image=https://depot.galaxyproject.org/singularity/multiqc:1.25.1--pyhdfd78af_0; path=/kyukon/scratch/gent/vo/002/gvo00224/TOBI/Projects/AR-burden/AR-Burden/ProBio_cfRNA_NF/singularity_cache/depot.galaxyproject.org-singularity-multiqc-1.25.1--pyhdfd78af_0.img
May-08 17:40:10.248 [Actor Thread 29] INFO  nextflow.processor.TaskProcessor - [d5/fe1150] Cached process > MERGE_SPLICE_JUNCTIONS
May-08 17:40:10.251 [Actor Thread 26] INFO  nextflow.processor.TaskProcessor - [1a/bde61f] Cached process > MULTIQC
May-08 17:40:10.256 [Actor Thread 27] INFO  nextflow.processor.TaskProcessor - [8c/bd8272] Cached process > STAR_GENOME
May-08 17:40:10.265 [Actor Thread 26] DEBUG nextflow.container.SingularityCache - Singularity found local store for image=docker://jpvw/probio_cfrna_tools:1.0; path=/kyukon/scratch/gent/vo/002/gvo00224/TOBI/Projects/AR-burden/AR-Burden/ProBio_cfRNA_NF/singularity_cache/jpvw-probio_cfrna_tools-1.0.img
May-08 17:40:10.320 [Actor Thread 24] DEBUG nextflow.processor.TaskProcessor - Process `STAR_2PASS (1)` is unable to find [UnixPath]: `/kyukon/scratch/gent/vo/002/gvo00224/TOBI/Projects/AR-burden/AR-Burden/ProBio_cfRNA_NF/work/e6/dba67e4d2d071723caa251148dee15/RNA026749_S7_subsamp10000_sortedByCoord.out.bam` (pattern: `RNA026749_S7_subsamp10000_sortedByCoord.out.bam`)
May-08 17:40:10.327 [Actor Thread 24] INFO  nextflow.processor.TaskProcessor - [e6/dba67e] Cached process > STAR_2PASS (1)
May-08 17:40:10.433 [Actor Thread 24] DEBUG nextflow.processor.TaskProcessor - Process STAR_2PASS > Skipping output binding because one or more optional files are missing: fileoutparam<5:1>
May-08 17:40:10.434 [Actor Thread 24] DEBUG nextflow.processor.TaskProcessor - Process STAR_2PASS > Skipping output binding because one or more optional files are missing: fileoutparam<8:1>
May-08 17:40:10.458 [Actor Thread 16] INFO  nextflow.processor.TaskProcessor - [f0/5cb2b8] Cached process > BEDTOOLS_INTERSECT (1)
May-08 17:40:10.468 [Actor Thread 29] INFO  nextflow.processor.TaskProcessor - [c8/ab75d9] Cached process > SAMTOOLS_INDEX (1)
May-08 17:40:10.526 [Task submitter] DEBUG n.executor.local.LocalTaskHandler - Launch cmd line: /bin/bash -ue .command.run
May-08 17:40:10.527 [Task submitter] INFO  nextflow.Session - [5d/a3c429] Submitted process > STAR_2PASS_COUNTING (1)
May-08 17:40:49.213 [Task monitor] DEBUG n.processor.TaskPollingMonitor - Task completed > TaskHandler[id: 11; name: STAR_2PASS_COUNTING (1); status: COMPLETED; exit: 0; error: -; workDir: /kyukon/scratch/gent/vo/002/gvo00224/TOBI/Projects/AR-burden/AR-Burden/ProBio_cfRNA_NF/work/5d/a3c429d251ddbd838cefe138ab9e86]
May-08 17:40:49.215 [Task monitor] DEBUG nextflow.util.ThreadPoolBuilder - Creating thread pool 'TaskFinalizer' minSize=10; maxSize=84; workQueue=LinkedBlockingQueue[10000]; allowCoreThreadTimeout=false
May-08 17:40:49.229 [main] DEBUG nextflow.Session - Session await > all processes finished
May-08 17:40:49.311 [Task monitor] DEBUG n.processor.TaskPollingMonitor - <<< barrier arrives (monitor: local) - terminating tasks monitor poll loop
May-08 17:40:49.311 [main] DEBUG nextflow.Session - Session await > all barriers passed
May-08 17:40:49.313 [main] DEBUG nextflow.util.ThreadPoolManager - Thread pool 'TaskFinalizer' shutdown completed (hard=false)
May-08 17:40:49.314 [main] DEBUG nextflow.util.ThreadPoolManager - Thread pool 'PublishDir' shutdown completed (hard=false)
May-08 17:40:49.319 [main] DEBUG n.trace.WorkflowStatsObserver - Workflow completed > WorkflowStats[succeededCount=1; failedCount=0; ignoredCount=0; cachedCount=10; pendingCount=0; submittedCount=0; runningCount=0; retriesCount=0; abortedCount=0; succeedDuration=38.7s; failedDuration=0ms; cachedDuration=22m 3s;loadCpus=0; loadMemory=0; peakRunning=1; peakCpus=1; peakMemory=0; ]
May-08 17:40:49.409 [main] DEBUG nextflow.cache.CacheDB - Closing CacheDB done
May-08 17:40:49.426 [main] DEBUG nextflow.util.ThreadPoolManager - Thread pool 'FileTransfer' shutdown completed (hard=false)
May-08 17:40:49.426 [main] DEBUG nextflow.script.ScriptRunner - > Execution complete -- Goodbye
